<?xml version="1.0" encoding="windows-1252" standalone="no"?>
<!DOCTYPE log SYSTEM "logger.dtd">
<log>
<record>
  <date>2016-03-03T22:34:01</date>
  <millis>1457055241064</millis>
  <sequence>0</sequence>
  <logger>jMetal</logger>
  <level>INFO</level>
  <class>edu.ufpr.hp.jmetal.ga.main.GenerationalGeneticAlgorithmPSPProblemRunner</class>
  <method>main</method>
  <thread>1</thread>
  <message>Total execution time: 148711ms</message>
</record>
<record>
  <date>2016-03-03T22:34:01</date>
  <millis>1457055241107</millis>
  <sequence>1</sequence>
  <logger>jMetal</logger>
  <level>INFO</level>
  <class>edu.ufpr.hp.jmetal.ga.main.GenerationalGeneticAlgorithmPSPProblemRunner</class>
  <method>main</method>
  <thread>1</thread>
  <message>Objectives values have been written to file FUN.tsv</message>
</record>
<record>
  <date>2016-03-03T22:34:01</date>
  <millis>1457055241109</millis>
  <sequence>2</sequence>
  <logger>jMetal</logger>
  <level>INFO</level>
  <class>edu.ufpr.hp.jmetal.ga.main.GenerationalGeneticAlgorithmPSPProblemRunner</class>
  <method>main</method>
  <thread>1</thread>
  <message>Variables values have been written to file VAR.tsv</message>
</record>
</log>
